\BOOKMARK [1][-]{section.1}{Objectives}{}% 1
\BOOKMARK [1][-]{section.2}{Overall Design}{}% 2
\BOOKMARK [1][-]{section.3}{Graphical User Interface}{}% 3
\BOOKMARK [2][-]{subsection.3.1}{Start Screen}{section.3}% 4
\BOOKMARK [2][-]{subsection.3.2}{Main UI}{section.3}% 5
\BOOKMARK [1][-]{section.4}{Sub Components}{}% 6
\BOOKMARK [2][-]{subsection.4.1}{Design Of The Ball}{section.4}% 7
\BOOKMARK [2][-]{subsection.4.2}{Design of Paddles}{section.4}% 8
\BOOKMARK [2][-]{subsection.4.3}{Design Of The Board}{section.4}% 9
\BOOKMARK [1][-]{section.5}{Physics}{}% 10
\BOOKMARK [1][-]{section.6}{Computer Player Algorithm}{}% 11
\BOOKMARK [1][-]{section.7}{p2p Networking}{}% 12
\BOOKMARK [2][-]{subsection.7.1}{Event Flow}{section.7}% 13
\BOOKMARK [2][-]{subsection.7.2}{Event Handling}{section.7}% 14
\BOOKMARK [1][-]{section.8}{Thread Interactions}{}% 15
\BOOKMARK [1][-]{section.9}{Testing Of Components}{}% 16
\BOOKMARK [2][-]{subsection.9.1}{Single peer testing}{section.9}% 17
\BOOKMARK [2][-]{subsection.9.2}{Computer Player Testing}{section.9}% 18
\BOOKMARK [2][-]{subsection.9.3}{Overall p2p Testing}{section.9}% 19
\BOOKMARK [1][-]{section.10}{Extra Features}{}% 20
\BOOKMARK [1][-]{section.11}{Future Endeavors}{}% 21
\BOOKMARK [1][-]{section.12}{Source Code}{}% 22
